<?xml version="1.0" encoding="UTF-8"?>
<!-- Generated by org.testng.reporters.JUnitXMLReporter -->
<testsuite ignored="0" hostname="SIDDESH" failures="0" tests="9" name="Test" time="248.804" errors="0" timestamp="2020-11-01T23:55:31 IST">
  <testcase classname="automationpractise.Automation" name="userValidate" time="14.998"/>
  <testcase classname="automationpractise.Automation" name="verifyEmail" time="5.568"/>
  <testcase classname="automationpractise.Automation" name="mandataryFeilds" time="11.777"/>
  <testcase classname="automationpractise.Automation" name="changeQuantity" time="9.063"/>
  <testcase classname="automationpractise.Automation" name="searchProduct" time="8.437"/>
  <testcase classname="automationpractise.Automation" name="buyProduct" time="35.179"/>
  <testcase classname="automationpractise.Automation" name="errorMessage" time="5.671"/>
  <testcase classname="automationpractise.Automation" name="wishList" time="16.96"/>
  <testcase classname="automationpractise.Automation" name="quantity" time="24.537"/>
</testsuite> <!-- Test -->
