<?xml version="1.0" encoding="UTF-8"?>
<!-- Generated by org.testng.reporters.JUnitXMLReporter -->
<testsuite ignored="0" hostname="SIDDESH" failures="1" tests="1" name="Test" time="0.046" errors="0" timestamp="2020-11-01T18:23:29 IST">
  <testcase classname="automationpractise.Automation" name="buyProduct" time="0.0">
    <failure type="org.testng.TestNGException" message="
Parameter &amp;apos;pssword&amp;apos; is required by @Test on method buyProduct but has not been marked @Optional or defined
in F:\Automation\testng.xml">
      <![CDATA[org.testng.TestNGException: 
Parameter 'pssword' is required by @Test on method buyProduct but has not been marked @Optional or defined
in F:\Automation\testng.xml
at java.base/java.util.ArrayList.forEach(ArrayList.java:1511)
... Removed 26 stack frames]]>
    </failure>
  </testcase> <!-- buyProduct -->
</testsuite> <!-- Test -->
