<?xml version="1.0" encoding="UTF-8"?>
<!-- Generated by org.testng.reporters.JUnitXMLReporter -->
<testsuite ignored="8" hostname="SIDDESH" failures="0" tests="1" name="Default test" time="75.373" errors="0" timestamp="2020-11-01T23:51:04 IST">
  <testcase classname="automationpractise.Automation" name="buyProduct" time="58.543"/>
  <testcase classname="automationpractise.Automation" name="wishList" time="0.0">
    <ignored/>
  </testcase> <!-- wishList -->
  <testcase classname="automationpractise.Automation" name="quantity" time="0.0">
    <ignored/>
  </testcase> <!-- quantity -->
  <testcase classname="automationpractise.Automation" name="userValidate" time="0.0">
    <ignored/>
  </testcase> <!-- userValidate -->
  <testcase classname="automationpractise.Automation" name="searchProduct" time="0.0">
    <ignored/>
  </testcase> <!-- searchProduct -->
  <testcase classname="automationpractise.Automation" name="mandataryFeilds" time="0.0">
    <ignored/>
  </testcase> <!-- mandataryFeilds -->
  <testcase classname="automationpractise.Automation" name="verifyEmail" time="0.0">
    <ignored/>
  </testcase> <!-- verifyEmail -->
  <testcase classname="automationpractise.Automation" name="errorMessage" time="0.0">
    <ignored/>
  </testcase> <!-- errorMessage -->
  <testcase classname="automationpractise.Automation" name="changeQuantity" time="0.0">
    <ignored/>
  </testcase> <!-- changeQuantity -->
</testsuite> <!-- Default test -->
