<?xml version="1.0" encoding="UTF-8"?>
<testng-results ignored="8" total="9" passed="1" failed="0" skipped="0">
  <reporter-output>
    <line>
      <![CDATA[order placed]]>
    </line>
  </reporter-output>
  <suite started-at="2020-11-01T23:49:49 IST" name="Default suite" finished-at="2020-11-01T23:51:04 IST" duration-ms="75373">
    <groups>
    </groups>
    <test started-at="2020-11-01T23:49:49 IST" name="Default test" finished-at="2020-11-01T23:51:04 IST" duration-ms="75373">
      <class name="automationpractise.Automation">
        <test-method is-config="true" signature="openBrowser()[pri:0, instance:automationpractise.Automation@6ce139a4]" started-at="2020-11-01T23:49:49 IST" name="openBrowser" finished-at="2020-11-01T23:50:05 IST" duration-ms="16084" status="PASS">
          <reporter-output>
          </reporter-output>
        </test-method> <!-- openBrowser -->
        <test-method signature="buyProduct()[pri:6, instance:automationpractise.Automation@6ce139a4]" started-at="2020-11-01T23:50:05 IST" name="buyProduct" finished-at="2020-11-01T23:51:03 IST" duration-ms="58543" status="PASS">
          <reporter-output>
            <line>
              <![CDATA[order placed]]>
            </line>
          </reporter-output>
        </test-method> <!-- buyProduct -->
        <test-method is-config="true" signature="closeBrowser(org.testng.ITestResult)[pri:0, instance:automationpractise.Automation@6ce139a4]" started-at="2020-11-01T23:51:03 IST" name="closeBrowser" finished-at="2020-11-01T23:51:04 IST" duration-ms="693" status="PASS">
          <params>
            <param index="0">
              <value>
                <![CDATA[[TestResult name=buyProduct status=SUCCESS method=Automation.buyProduct()[pri:6, instance:automationpractise.Automation@6ce139a4] output=order placed]]]>
              </value>
            </param>
          </params>
          <reporter-output>
          </reporter-output>
        </test-method> <!-- closeBrowser -->
      </class> <!-- automationpractise.Automation -->
    </test> <!-- Default test -->
  </suite> <!-- Default suite -->
</testng-results>
