<?xml version="1.0" encoding="UTF-8"?>
<testsuite xmlns:xsi="http://www.w3.org/2001/XMLSchema-instance" xsi:noNamespaceSchemaLocation="https://maven.apache.org/surefire/maven-surefire-plugin/xsd/surefire-test-report.xsd" name="TestSuite" time="249.424" tests="9" errors="0" skipped="0" failures="0">
  <properties>
[...]
</properties>
  <testcase name="userValidate" classname="automationpractise.Automation" time="15.001"/>
  <testcase name="verifyEmail" classname="automationpractise.Automation" time="5.569"/>
  <testcase name="mandataryFeilds" classname="automationpractise.Automation" time="11.776"/>
  <testcase name="changeQuantity" classname="automationpractise.Automation" time="9.064"/>
  <testcase name="searchProduct" classname="automationpractise.Automation" time="8.434"/>
  <testcase name="buyProduct" classname="automationpractise.Automation" time="35.18"/>
  <testcase name="errorMessage" classname="automationpractise.Automation" time="5.673"/>
  <testcase name="wishList" classname="automationpractise.Automation" time="16.96"/>
  <testcase name="quantity" classname="automationpractise.Automation" time="24.538"/>
</testsuite>